2026-06-23 12:35:28 | INFO | Loading existing vectorstore...
2026-06-23 12:35:28 | INFO | Fetching all sensor data...
2026-06-23 12:35:30 | INFO | Sleep: sessions=3, wakeups=9, duration=535min
2026-06-23 12:35:30 | INFO | Breath: min=12, max=24
2026-06-23 12:35:30 | INFO | IndoorTemp: min=19.9, max=23.6
2026-06-23 12:35:30 | INFO | dB: max=49
2026-06-23 12:35:30 | INFO | BodyTemp: min=-1.6, max=0.9
2026-06-23 12:35:30 | INFO | Anomalies detected: 2
2026-06-23 12:35:30 | INFO |   [frequent_waking] Woke up 9 times during sleep (threshold: >3)
2026-06-23 12:35:30 | INFO |   [abnormal_breathing] Abnormal breathing rate: 12-24 breaths/min

======================================================================
SESSION START: 2026-06-23 12:35:30
ACCOUNT: test10@test.com | DATE: 2026-06-23
ANOMALIES: 2
  [frequent_waking] Woke up 9 times during sleep (threshold: >3)
  [abnormal_breathing] Abnormal breathing rate: 12-24 breaths/min
======================================================================

2026-06-23 12:35:32 | INFO | Generating questions via Gemma4...
2026-06-23 12:36:21 | SYSTEM     | Session interrupted by user

SESSION END: 2026-06-23 12:36:21
======================================================================

2026-06-23 12:36:46 | INFO | Loading existing vectorstore...
2026-06-23 12:36:46 | INFO | Fetching all sensor data...
2026-06-23 12:36:48 | INFO | Sleep: sessions=3, wakeups=9, duration=535min
2026-06-23 12:36:48 | INFO | Breath: min=12, max=24
2026-06-23 12:36:48 | INFO | IndoorTemp: min=19.9, max=23.6
2026-06-23 12:36:48 | INFO | dB: max=49
2026-06-23 12:36:48 | INFO | BodyTemp: min=-1.6, max=0.9
2026-06-23 12:36:48 | INFO | Anomalies detected: 2
2026-06-23 12:36:48 | INFO |   [frequent_waking] Woke up 9 times during sleep (threshold: >3)
2026-06-23 12:36:48 | INFO |   [abnormal_breathing] Abnormal breathing rate: 12-24 breaths/min

======================================================================
SESSION START: 2026-06-23 12:36:48
ACCOUNT: test10@test.com | DATE: 2026-06-23
ANOMALIES: 2
  [frequent_waking] Woke up 9 times during sleep (threshold: >3)
  [abnormal_breathing] Abnormal breathing rate: 12-24 breaths/min
======================================================================

2026-06-23 12:36:49 | INFO | Generating questions via Gemma4...
2026-06-23 12:37:19 | INFO | Generated 3 questions
2026-06-23 12:37:19 | INFO | Speaking: Hello! I am your health assistant. I have reviewed your heal...
2026-06-23 12:37:28 | ASSISTANT  | Hello! I am your health assistant. I have reviewed your health data from last night and have a few questions for you.
2026-06-23 12:37:28 | SYSTEM     | Section: GENERAL
2026-06-23 12:37:28 | INFO | Speaking: How did your breathing feel during the night?...
2026-06-23 12:37:32 | ASSISTANT  | How did your breathing feel during the night?
2026-06-23 12:37:47 | SENIOR     | I am feeling very well while I sleeping.
2026-06-23 12:37:47 | INFO | Speaking: Did you use any breathing aids like a CPAP machine last nigh...
2026-06-23 12:37:53 | ASSISTANT  | Did you use any breathing aids like a CPAP machine last night?
2026-06-23 12:38:01 | SENIOR     | I didn't get any human to purify.
2026-06-23 12:38:02 | INFO | Speaking: Have you felt short of breath or had any chest tightness rec...
2026-06-23 12:38:07 | ASSISTANT  | Have you felt short of breath or had any chest tightness recently?
2026-06-23 12:38:17 | SENIOR     | I don't have any symptoms like you mentioned.
2026-06-23 12:38:18 | INFO | Speaking: Thank you for answering my questions. I will share this info...
2026-06-23 12:38:27 | ASSISTANT  | Thank you for answering my questions. I will share this information with your care team. Please take care and have a good day!

SESSION END: 2026-06-23 12:38:27
======================================================================

